# JRE version: Java(TM) SE Runtime Environment (8.0_91-b15) (build 1.8.0_91-b15)
# Java VM: Java HotSpot(TM) 64-Bit Server VM (25.91-b15 mixed mode windows-amd64 compressed oops)
Heap:
 PSYoungGen      total 137728K, used 77586K [0x00000000d6f80000, 0x00000000e7a00000, 0x0000000100000000)
  eden space 126976K, 52% used [0x00000000d6f80000,0x00000000db0c95e8,0x00000000deb80000)
  from space 10752K, 99% used [0x00000000deb80000,0x00000000df5fb2e0,0x00000000df600000)
  to   space 20480K, 0% used [0x00000000e6600000,0x00000000e6600000,0x00000000e7a00000)
 ParOldGen       total 54784K, used 28997K [0x0000000084e00000, 0x0000000088380000, 0x00000000d6f80000)
  object space 54784K, 52% used [0x0000000084e00000,0x0000000086a51578,0x0000000088380000)
 Metaspace       used 27545K, capacity 28042K, committed 28288K, reserved 1075200K
  class space    used 3161K, capacity 3333K, committed 3456K, reserved 1048576K
GC Heap History (10 events):
Event: 4.144 GC heap before
{Heap before GC invocations=4 (full 0):
 PSYoungGen      total 36864K, used 36856K [0x00000000d6f80000, 0x00000000db780000, 0x0000000100000000)
  eden space 31744K, 100% used [0x00000000d6f80000,0x00000000d8e80000,0x00000000d8e80000)
  from space 5120K, 99% used [0x00000000d8e80000,0x00000000d937e030,0x00000000d9380000)
  to   space 5120K, 0% used [0x00000000db280000,0x00000000db280000,0x00000000db780000)
 ParOldGen       total 84992K, used 4133K [0x0000000084e00000, 0x000000008a100000, 0x00000000d6f80000)
  object space 84992K, 4% used [0x0000000084e00000,0x0000000085209788,0x000000008a100000)
 Metaspace       used 16309K, capacity 16630K, committed 16768K, reserved 1064960K
  class space    used 1980K, capacity 2143K, committed 2176K, reserved 1048576K
Event: 4.199 GC heap after
Heap after GC invocations=4 (full 0):
 PSYoungGen      total 68608K, used 5112K [0x00000000d6f80000, 0x00000000db780000, 0x0000000100000000)
  eden space 63488K, 0% used [0x00000000d6f80000,0x00000000d6f80000,0x00000000dad80000)
  from space 5120K, 99% used [0x00000000db280000,0x00000000db77e030,0x00000000db780000)
  to   space 5120K, 0% used [0x00000000dad80000,0x00000000dad80000,0x00000000db280000)
 ParOldGen       total 84992K, used 6407K [0x0000000084e00000, 0x000000008a100000, 0x00000000d6f80000)
  object space 84992K, 7% used [0x0000000084e00000,0x0000000085441e48,0x000000008a100000)
 Metaspace       used 16309K, capacity 16630K, committed 16768K, reserved 1064960K
  class space    used 1980K, capacity 2143K, committed 2176K, reserved 1048576K
}
Event: 26.831 GC heap before
{Heap before GC invocations=5 (full 0):
 PSYoungGen      total 68608K, used 68600K [0x00000000d6f80000, 0x00000000db780000, 0x0000000100000000)
  eden space 63488K, 100% used [0x00000000d6f80000,0x00000000dad80000,0x00000000dad80000)
  from space 5120K, 99% used [0x00000000db280000,0x00000000db77e030,0x00000000db780000)
  to   space 5120K, 0% used [0x00000000dad80000,0x00000000dad80000,0x00000000db280000)
 ParOldGen       total 84992K, used 6407K [0x0000000084e00000, 0x000000008a100000, 0x00000000d6f80000)
  object space 84992K, 7% used [0x0000000084e00000,0x0000000085441e48,0x000000008a100000)
 Metaspace       used 19812K, capacity 20204K, committed 20480K, reserved 1067008K
  class space    used 2367K, capacity 2485K, committed 2560K, reserved 1048576K
Event: 26.895 GC heap after
Heap after GC invocations=5 (full 0):
 PSYoungGen      total 68608K, used 5112K [0x00000000d6f80000, 0x00000000e0180000, 0x0000000100000000)
  eden space 63488K, 0% used [0x00000000d6f80000,0x00000000d6f80000,0x00000000dad80000)
  from space 5120K, 99% used [0x00000000dad80000,0x00000000db27e030,0x00000000db280000)
  to   space 11264K, 0% used [0x00000000df680000,0x00000000df680000,0x00000000e0180000)
 ParOldGen       total 84992K, used 12076K [0x0000000084e00000, 0x000000008a100000, 0x00000000d6f80000)
  object space 84992K, 14% used [0x0000000084e00000,0x00000000859cb168,0x000000008a100000)
 Metaspace       used 19812K, capacity 20204K, committed 20480K, reserved 1067008K
  class space    used 2367K, capacity 2485K, committed 2560K, reserved 1048576K
}
Event: 27.774 GC heap before
{Heap before GC invocations=6 (full 0):
 PSYoungGen      total 68608K, used 41757K [0x00000000d6f80000, 0x00000000e0180000, 0x0000000100000000)
  eden space 63488K, 57% used [0x00000000d6f80000,0x00000000d9349670,0x00000000dad80000)
  from space 5120K, 99% used [0x00000000dad80000,0x00000000db27e030,0x00000000db280000)
  to   space 11264K, 0% used [0x00000000df680000,0x00000000df680000,0x00000000e0180000)
 ParOldGen       total 84992K, used 12076K [0x0000000084e00000, 0x000000008a100000, 0x00000000d6f80000)
  object space 84992K, 14% used [0x0000000084e00000,0x00000000859cb168,0x000000008a100000)
 Metaspace       used 20594K, capacity 21022K, committed 21296K, reserved 1069056K
  class space    used 2437K, capacity 2591K, committed 2688K, reserved 1048576K
Event: 27.794 GC heap after
Heap after GC invocations=6 (full 0):
 PSYoungGen      total 137216K, used 7244K [0x00000000d6f80000, 0x00000000e0080000, 0x0000000100000000)
  eden space 126976K, 0% used [0x00000000d6f80000,0x00000000d6f80000,0x00000000deb80000)
  from space 10240K, 70% used [0x00000000df680000,0x00000000dfd93100,0x00000000e0080000)
  to   space 10752K, 0% used [0x00000000deb80000,0x00000000deb80000,0x00000000df600000)
 ParOldGen       total 84992K, used 12076K [0x0000000084e00000, 0x000000008a100000, 0x00000000d6f80000)
  object space 84992K, 14% used [0x0000000084e00000,0x00000000859cb168,0x000000008a100000)
 Metaspace       used 20594K, capacity 21022K, committed 21296K, reserved 1069056K
  class space    used 2437K, capacity 2591K, committed 2688K, reserved 1048576K
}
Event: 27.794 GC heap before
{Heap before GC invocations=7 (full 1):
 PSYoungGen      total 137216K, used 7244K [0x00000000d6f80000, 0x00000000e0080000, 0x0000000100000000)
  eden space 126976K, 0% used [0x00000000d6f80000,0x00000000d6f80000,0x00000000deb80000)
  from space 10240K, 70% used [0x00000000df680000,0x00000000dfd93100,0x00000000e0080000)
  to   space 10752K, 0% used [0x00000000deb80000,0x00000000deb80000,0x00000000df600000)
 ParOldGen       total 84992K, used 12076K [0x0000000084e00000, 0x000000008a100000, 0x00000000d6f80000)
  object space 84992K, 14% used [0x0000000084e00000,0x00000000859cb168,0x000000008a100000)
 Metaspace       used 20594K, capacity 21022K, committed 21296K, reserved 1069056K
  class space    used 2437K, capacity 2591K, committed 2688K, reserved 1048576K
Event: 27.895 GC heap after
Heap after GC invocations=7 (full 1):
 PSYoungGen      total 137216K, used 0K [0x00000000d6f80000, 0x00000000e0080000, 0x0000000100000000)
  eden space 126976K, 0% used [0x00000000d6f80000,0x00000000d6f80000,0x00000000deb80000)
  from space 10240K, 0% used [0x00000000df680000,0x00000000df680000,0x00000000e0080000)
  to   space 10752K, 0% used [0x00000000deb80000,0x00000000deb80000,0x00000000df600000)
 ParOldGen       total 54784K, used 12271K [0x0000000084e00000, 0x0000000088380000, 0x00000000d6f80000)
  object space 54784K, 22% used [0x0000000084e00000,0x00000000859fbe20,0x0000000088380000)
 Metaspace       used 20587K, capacity 21010K, committed 21296K, reserved 1069056K
  class space    used 2436K, capacity 2589K, committed 2688K, reserved 1048576K
}
Event: 31.898 GC heap before
{Heap before GC invocations=8 (full 1):
 PSYoungGen      total 137216K, used 126976K [0x00000000d6f80000, 0x00000000e0080000, 0x0000000100000000)
  eden space 126976K, 100% used [0x00000000d6f80000,0x00000000deb80000,0x00000000deb80000)
  from space 10240K, 0% used [0x00000000df680000,0x00000000df680000,0x00000000e0080000)
  to   space 10752K, 0% used [0x00000000deb80000,0x00000000deb80000,0x00000000df600000)
 ParOldGen       total 54784K, used 12271K [0x0000000084e00000, 0x0000000088380000, 0x00000000d6f80000)
  object space 54784K, 22% used [0x0000000084e00000,0x00000000859fbe20,0x0000000088380000)
 Metaspace       used 27124K, capacity 27658K, committed 28032K, reserved 1073152K
  class space    used 3146K, capacity 3333K, committed 3456K, reserved 1048576K
Event: 31.931 GC heap after
Heap after GC invocations=8 (full 1):
 PSYoungGen      total 137728K, used 10732K [0x00000000d6f80000, 0x00000000e7a00000, 0x0000000100000000)
  eden space 126976K, 0% used [0x00000000d6f80000,0x00000000d6f80000,0x00000000deb80000)
  from space 10752K, 99% used [0x00000000deb80000,0x00000000df5fb2e0,0x00000000df600000)
  to   space 20480K, 0% used [0x00000000e6600000,0x00000000e6600000,0x00000000e7a00000)
 ParOldGen       total 54784K, used 28997K [0x0000000084e00000, 0x0000000088380000, 0x00000000d6f80000)
  object space 54784K, 52% used [0x0000000084e00000,0x0000000086a51578,0x0000000088380000)
 Metaspace       used 27124K, capacity 27658K, committed 28032K, reserved 1073152K
  class space    used 3146K, capacity 3333K, committed 3456K, reserved 1048576K
}

